<?xml version="1.0" encoding="UTF-8"?>
<!-- Generated by org.testng.reporters.JUnitXMLReporter -->
<testsuite ignored="0" hostname="HPCompaq6300-Melli11" failures="0" tests="5" name="GRP-sauce,case_one" time="1.08" errors="0" timestamp="2023-12-03T00:50:14 ART">
  <testcase classname="tests.SauceDemoTest" name="@BeforeTest setup" time="-1.70157541363E9">
    <failure type="org.testng.TestNGException" message="
Parameter &amp;apos;browser&amp;apos; is required by BeforeTest on method setup but has not been marked @Optional or defined
in C:\Users\Martin\AppData\Local\Temp\testng-eclipse-770380446\testng-customsuite.xml">
      <![CDATA[org.testng.TestNGException: 
Parameter 'browser' is required by BeforeTest on method setup but has not been marked @Optional or defined
in C:\Users\Martin\AppData\Local\Temp\testng-eclipse-770380446\testng-customsuite.xml
at org.testng.internal.Parameters.createParams(Parameters.java:267)
at org.testng.internal.Parameters.createParametersForMethod(Parameters.java:355)
at org.testng.internal.Parameters.createParameters(Parameters.java:684)
at org.testng.internal.Parameters.createConfigurationParameters(Parameters.java:166)
at org.testng.internal.invokers.ConfigInvoker.invokeConfigurations(ConfigInvoker.java:306)
at org.testng.TestRunner.invokeTestConfigurations(TestRunner.java:663)
at org.testng.TestRunner.beforeRun(TestRunner.java:652)
at org.testng.TestRunner.run(TestRunner.java:614)
at org.testng.SuiteRunner.runTest(SuiteRunner.java:443)
at org.testng.SuiteRunner.runSequentially(SuiteRunner.java:437)
at org.testng.SuiteRunner.privateRun(SuiteRunner.java:397)
at org.testng.SuiteRunner.run(SuiteRunner.java:336)
at org.testng.SuiteRunnerWorker.runSuite(SuiteRunnerWorker.java:52)
at org.testng.SuiteRunnerWorker.run(SuiteRunnerWorker.java:95)
at org.testng.TestNG.runSuitesSequentially(TestNG.java:1280)
at org.testng.TestNG.runSuitesLocally(TestNG.java:1200)
at org.testng.TestNG.runSuites(TestNG.java:1114)
at org.testng.TestNG.run(TestNG.java:1082)
at org.testng.remote.AbstractRemoteTestNG.run(AbstractRemoteTestNG.java:115)
at org.testng.remote.RemoteTestNG.initAndRun(RemoteTestNG.java:251)
at org.testng.remote.RemoteTestNG.main(RemoteTestNG.java:77)
]]>
    </failure>
  </testcase> <!-- @BeforeTest setup -->
  <testcase classname="tests.SauceDemoTest" name="@AfterTest tearDown" time="0.0">
    <skipped/>
  </testcase> <!-- @AfterTest tearDown -->
  <testcase classname="tests.SauceDemoTest" name="CP001_LoginSuccesfull" time="0.0">
    <skipped/>
  </testcase> <!-- CP001_LoginSuccesfull -->
  <testcase classname="tests.SauceDemoTest" name="CP002_LoginPassFail" time="0.0">
    <skipped/>
  </testcase> <!-- CP002_LoginPassFail -->
  <testcase classname="tests.SauceDemoTest" name="CP003_LoginInvalidUser" time="0.0">
    <skipped/>
  </testcase> <!-- CP003_LoginInvalidUser -->
  <testcase classname="tests.SauceDemoTest" name="CP005_MakePurchase" time="0.0">
    <skipped/>
  </testcase> <!-- CP005_MakePurchase -->
  <testcase classname="tests.SauceDemoTest" name="CP004_LoginEmptyFields" time="0.0">
    <skipped/>
  </testcase> <!-- CP004_LoginEmptyFields -->
</testsuite> <!-- GRP-sauce,case_one -->
